[2023/05/10 02:13:48] - Namespace(batch_size=128, clb_dir='./data/clean-label/0.1/', poison_target=0, poison_type='badnets', trigger_alpha=1.0)
[2023/05/10 02:13:56] - Epoch 	 lr 	 Time 	 TrainLoss 	 TrainACC 	 PoisonLoss 	 PoisonACC 	 CleanLoss 	 CleanACC
[2023/05/10 02:14:24] - 1 	 0.100 	 27.1 	 2.0526 	 0.2729 	 2.1101 	 0.1464 	 1.6472 	 0.3918
[2023/05/10 02:14:53] - 2 	 0.100 	 29.2 	 1.6214 	 0.4070 	 2.4515 	 0.1010 	 1.4593 	 0.4663
[2023/05/10 02:15:18] - 3 	 0.100 	 25.5 	 1.4256 	 0.4881 	 2.1183 	 0.1712 	 1.3786 	 0.5183
[2023/05/10 02:15:44] - 4 	 0.100 	 25.5 	 1.2507 	 0.5581 	 2.6097 	 0.1335 	 1.1012 	 0.6166
[2023/05/10 02:16:09] - 5 	 0.100 	 25.6 	 1.1164 	 0.6115 	 2.8851 	 0.0974 	 1.0940 	 0.6334
[2023/05/10 02:16:35] - 6 	 0.100 	 25.5 	 1.0154 	 0.6484 	 2.3985 	 0.1516 	 0.9485 	 0.6761
[2023/05/10 02:17:00] - 7 	 0.100 	 25.4 	 0.9067 	 0.6893 	 0.0863 	 0.9725 	 0.9887 	 0.6689
[2023/05/10 02:17:26] - 8 	 0.100 	 25.5 	 0.7820 	 0.7355 	 0.0000 	 1.0000 	 0.8195 	 0.7267
[2023/05/10 02:17:55] - 9 	 0.100 	 29.0 	 0.7061 	 0.7637 	 0.0003 	 1.0000 	 0.7667 	 0.7357
[2023/05/10 02:18:20] - 10 	 0.100 	 25.4 	 0.6622 	 0.7805 	 0.0000 	 1.0000 	 0.8905 	 0.7072
[2023/05/10 02:18:48] - 11 	 0.100 	 28.3 	 0.6340 	 0.7882 	 0.0367 	 0.9901 	 0.8910 	 0.7083
[2023/05/10 02:19:14] - 12 	 0.100 	 25.5 	 0.6034 	 0.8001 	 0.0012 	 1.0000 	 0.6471 	 0.7812
[2023/05/10 02:19:39] - 13 	 0.100 	 25.5 	 0.5894 	 0.8053 	 0.0000 	 1.0000 	 0.5606 	 0.8076
[2023/05/10 02:20:05] - 14 	 0.100 	 25.8 	 0.5682 	 0.8137 	 0.0000 	 1.0000 	 0.5753 	 0.8036
[2023/05/10 02:20:31] - 15 	 0.100 	 25.4 	 0.5560 	 0.8181 	 0.0000 	 1.0000 	 0.6079 	 0.7935
[2023/05/10 02:21:00] - 16 	 0.100 	 29.1 	 0.5433 	 0.8241 	 0.0000 	 1.0000 	 0.6029 	 0.7910
[2023/05/10 02:21:25] - 17 	 0.100 	 25.5 	 0.5314 	 0.8266 	 0.0000 	 1.0000 	 0.5808 	 0.8160
[2023/05/10 02:21:51] - 18 	 0.100 	 25.4 	 0.5203 	 0.8327 	 0.0014 	 1.0000 	 0.6200 	 0.7890
[2023/05/10 02:22:20] - 19 	 0.100 	 29.2 	 0.5121 	 0.8344 	 0.0000 	 1.0000 	 0.5508 	 0.8161
[2023/05/10 02:22:47] - 20 	 0.100 	 27.3 	 0.5028 	 0.8344 	 0.0000 	 1.0000 	 0.6637 	 0.7880
[2023/05/10 02:23:16] - 21 	 0.100 	 29.1 	 0.4968 	 0.8388 	 0.0000 	 1.0000 	 0.5719 	 0.8132
[2023/05/10 02:23:45] - 22 	 0.100 	 28.8 	 0.4868 	 0.8429 	 0.0000 	 1.0000 	 0.5063 	 0.8324
[2023/05/10 02:24:11] - 23 	 0.100 	 25.4 	 0.4754 	 0.8460 	 0.0000 	 1.0000 	 0.5580 	 0.8186
[2023/05/10 02:24:36] - 24 	 0.100 	 25.6 	 0.4769 	 0.8457 	 0.0003 	 1.0000 	 0.5993 	 0.8068
[2023/05/10 02:25:05] - 25 	 0.100 	 29.2 	 0.4703 	 0.8477 	 0.0000 	 1.0000 	 0.5846 	 0.8090
[2023/05/10 02:25:31] - 26 	 0.100 	 25.6 	 0.4704 	 0.8495 	 0.0000 	 1.0000 	 1.0314 	 0.6931
[2023/05/10 02:25:56] - 27 	 0.100 	 25.4 	 0.4593 	 0.8521 	 0.0000 	 1.0000 	 0.6045 	 0.8067
[2023/05/10 02:26:25] - 28 	 0.100 	 29.0 	 0.4562 	 0.8531 	 0.0008 	 1.0000 	 0.5896 	 0.8129
[2023/05/10 02:26:54] - 29 	 0.100 	 29.1 	 0.4468 	 0.8566 	 0.0000 	 1.0000 	 0.6526 	 0.7914
[2023/05/10 02:27:21] - 30 	 0.100 	 26.7 	 0.4449 	 0.8568 	 0.0000 	 1.0000 	 0.6342 	 0.7896
[2023/05/10 02:27:47] - 31 	 0.010 	 25.5 	 0.2916 	 0.9109 	 0.0000 	 1.0000 	 0.2746 	 0.9100
[2023/05/10 02:28:16] - 32 	 0.010 	 29.1 	 0.2418 	 0.9281 	 0.0000 	 1.0000 	 0.2607 	 0.9162
[2023/05/10 02:28:44] - 33 	 0.010 	 28.4 	 0.2232 	 0.9339 	 0.0000 	 1.0000 	 0.2572 	 0.9164
[2023/05/10 02:29:13] - 34 	 0.010 	 28.4 	 0.2024 	 0.9412 	 0.0002 	 1.0000 	 0.2569 	 0.9187
[2023/05/10 02:29:38] - 35 	 0.010 	 25.6 	 0.1961 	 0.9424 	 0.0000 	 1.0000 	 0.2698 	 0.9175
[2023/05/10 02:30:07] - 36 	 0.010 	 28.8 	 0.1791 	 0.9490 	 0.0001 	 1.0000 	 0.2560 	 0.9203
[2023/05/10 02:30:36] - 37 	 0.010 	 28.9 	 0.1730 	 0.9509 	 0.0000 	 1.0000 	 0.2697 	 0.9186
[2023/05/10 02:31:05] - 38 	 0.010 	 29.2 	 0.1644 	 0.9530 	 0.0006 	 1.0000 	 0.2744 	 0.9179
[2023/05/10 02:31:34] - 39 	 0.010 	 29.0 	 0.1609 	 0.9551 	 0.0008 	 1.0000 	 0.2728 	 0.9193
[2023/05/10 02:32:02] - 40 	 0.010 	 27.5 	 0.1489 	 0.9593 	 0.0002 	 1.0000 	 0.2929 	 0.9137
[2023/05/10 02:32:30] - 41 	 0.001 	 28.3 	 0.1357 	 0.9636 	 0.0005 	 1.0000 	 0.2523 	 0.9247
[2023/05/10 02:32:59] - 42 	 0.001 	 29.1 	 0.1247 	 0.9675 	 0.0003 	 1.0000 	 0.2553 	 0.9258
[2023/05/10 02:33:26] - 43 	 0.001 	 26.6 	 0.1212 	 0.9684 	 0.0006 	 1.0000 	 0.2547 	 0.9254
[2023/05/10 02:33:51] - 44 	 0.001 	 25.5 	 0.1179 	 0.9689 	 0.0005 	 1.0000 	 0.2551 	 0.9269
[2023/05/10 02:34:20] - 45 	 0.001 	 29.4 	 0.1145 	 0.9705 	 0.0007 	 1.0000 	 0.2554 	 0.9251
[2023/05/10 02:34:49] - 46 	 0.001 	 28.6 	 0.1128 	 0.9712 	 0.0007 	 1.0000 	 0.2508 	 0.9259
[2023/05/10 02:35:16] - 47 	 0.001 	 27.3 	 0.1131 	 0.9708 	 0.0007 	 1.0000 	 0.2559 	 0.9271
[2023/05/10 02:35:45] - 48 	 0.001 	 29.1 	 0.1114 	 0.9712 	 0.0007 	 1.0000 	 0.2575 	 0.9273
[2023/05/10 02:36:16] - 49 	 0.001 	 30.9 	 0.1079 	 0.9724 	 0.0016 	 1.0000 	 0.2588 	 0.9260
