[2023/05/10 03:03:10] - Namespace(batch_size=128, clb_dir='./data/clean-label/0.1/', poison_target=0, poison_type='clean-label', trigger_alpha=1.0)
[2023/05/10 03:03:18] - Epoch 	 lr 	 Time 	 TrainLoss 	 TrainACC 	 PoisonLoss 	 PoisonACC 	 CleanLoss 	 CleanACC
[2023/05/10 03:03:48] - 1 	 0.100 	 29.4 	 2.1817 	 0.2681 	 2.6749 	 0.0485 	 1.9114 	 0.3076
[2023/05/10 03:04:17] - 2 	 0.100 	 29.3 	 1.5644 	 0.4193 	 3.8715 	 0.1090 	 1.5401 	 0.4569
[2023/05/10 03:04:47] - 3 	 0.100 	 29.5 	 1.3242 	 0.5171 	 3.9559 	 0.1419 	 1.2353 	 0.5603
[2023/05/10 03:05:15] - 4 	 0.100 	 28.3 	 1.1188 	 0.5980 	 4.2529 	 0.1012 	 1.0542 	 0.6190
[2023/05/10 03:05:44] - 5 	 0.100 	 29.3 	 0.9655 	 0.6559 	 4.4585 	 0.1364 	 1.0079 	 0.6593
[2023/05/10 03:06:14] - 6 	 0.100 	 29.3 	 0.8525 	 0.6986 	 5.2166 	 0.1045 	 0.9886 	 0.6634
[2023/05/10 03:06:40] - 7 	 0.100 	 26.4 	 0.7593 	 0.7342 	 3.1237 	 0.2348 	 1.1414 	 0.6346
[2023/05/10 03:07:06] - 8 	 0.100 	 25.6 	 0.6781 	 0.7632 	 1.4823 	 0.6009 	 0.8964 	 0.7076
[2023/05/10 03:07:33] - 9 	 0.100 	 27.2 	 0.6135 	 0.7881 	 2.0915 	 0.4446 	 0.8321 	 0.7231
[2023/05/10 03:08:01] - 10 	 0.100 	 28.3 	 0.5712 	 0.8041 	 1.7041 	 0.5074 	 0.5719 	 0.8067
[2023/05/10 03:08:30] - 11 	 0.100 	 28.9 	 0.5385 	 0.8147 	 1.6455 	 0.5819 	 0.6449 	 0.7849
[2023/05/10 03:08:56] - 12 	 0.100 	 25.5 	 0.5188 	 0.8216 	 0.6836 	 0.8131 	 0.7429 	 0.7510
[2023/05/10 03:09:25] - 13 	 0.100 	 29.2 	 0.5020 	 0.8292 	 2.3686 	 0.4313 	 0.7249 	 0.7561
[2023/05/10 03:09:55] - 14 	 0.100 	 29.8 	 0.4825 	 0.8344 	 2.8736 	 0.3791 	 0.6227 	 0.7865
[2023/05/10 03:10:22] - 15 	 0.100 	 27.3 	 0.4750 	 0.8366 	 1.6401 	 0.5853 	 0.7056 	 0.7817
[2023/05/10 03:11:02] - 16 	 0.100 	 39.7 	 0.4507 	 0.8444 	 1.9631 	 0.5209 	 0.9421 	 0.7175
[2023/05/10 03:11:41] - 17 	 0.100 	 39.1 	 0.4490 	 0.8458 	 0.5997 	 0.8622 	 0.7330 	 0.7647
[2023/05/10 03:12:20] - 18 	 0.100 	 39.2 	 0.4339 	 0.8513 	 1.4905 	 0.6116 	 0.6035 	 0.7915
[2023/05/10 03:12:59] - 19 	 0.100 	 38.8 	 0.4298 	 0.8538 	 0.7728 	 0.8041 	 0.7632 	 0.7559
[2023/05/10 03:13:38] - 20 	 0.100 	 39.7 	 0.4207 	 0.8563 	 1.2922 	 0.6564 	 0.5200 	 0.8258
[2023/05/10 03:14:18] - 21 	 0.100 	 39.8 	 0.4084 	 0.8594 	 0.5098 	 0.8483 	 0.5644 	 0.8120
[2023/05/10 03:14:57] - 22 	 0.100 	 38.9 	 0.4076 	 0.8611 	 0.9937 	 0.7373 	 0.7840 	 0.7525
[2023/05/10 03:15:36] - 23 	 0.100 	 38.7 	 0.4371 	 0.8506 	 0.4375 	 0.9025 	 0.7774 	 0.7624
[2023/05/10 03:16:14] - 24 	 0.100 	 38.7 	 0.4032 	 0.8614 	 2.3431 	 0.5812 	 0.6604 	 0.7925
[2023/05/10 03:16:53] - 25 	 0.100 	 38.8 	 0.4004 	 0.8642 	 0.7681 	 0.7822 	 0.7864 	 0.7649
[2023/05/10 03:17:32] - 26 	 0.100 	 38.7 	 0.4000 	 0.8638 	 0.8155 	 0.7807 	 0.6334 	 0.7872
[2023/05/10 03:18:12] - 27 	 0.100 	 39.6 	 0.3786 	 0.8708 	 0.4915 	 0.8442 	 0.5376 	 0.8233
[2023/05/10 03:18:50] - 28 	 0.100 	 38.5 	 0.3805 	 0.8716 	 1.9723 	 0.5668 	 0.5100 	 0.8333
[2023/05/10 03:19:29] - 29 	 0.100 	 38.9 	 0.3865 	 0.8684 	 0.6154 	 0.8691 	 0.7000 	 0.7754
[2023/05/10 03:20:09] - 30 	 0.100 	 39.7 	 0.3845 	 0.8680 	 0.5085 	 0.8316 	 0.6345 	 0.8026
[2023/05/10 03:20:47] - 31 	 0.010 	 38.7 	 0.2216 	 0.9260 	 1.0799 	 0.6990 	 0.2496 	 0.9150
[2023/05/10 03:21:26] - 32 	 0.010 	 38.4 	 0.1713 	 0.9431 	 0.9918 	 0.7233 	 0.2430 	 0.9171
[2023/05/10 03:22:06] - 33 	 0.010 	 39.6 	 0.1511 	 0.9484 	 0.7639 	 0.7808 	 0.2336 	 0.9213
[2023/05/10 03:22:45] - 34 	 0.010 	 39.3 	 0.1342 	 0.9540 	 1.3728 	 0.6378 	 0.2289 	 0.9222
[2023/05/10 03:23:24] - 35 	 0.010 	 39.6 	 0.1213 	 0.9597 	 0.7001 	 0.7890 	 0.2220 	 0.9260
[2023/05/10 03:24:04] - 36 	 0.010 	 39.9 	 0.1117 	 0.9623 	 1.1099 	 0.6923 	 0.2231 	 0.9276
[2023/05/10 03:24:44] - 37 	 0.010 	 39.9 	 0.1025 	 0.9662 	 0.4523 	 0.8468 	 0.2355 	 0.9213
[2023/05/10 03:25:24] - 38 	 0.010 	 39.7 	 0.0978 	 0.9677 	 0.4823 	 0.8507 	 0.2323 	 0.9269
[2023/05/10 03:26:03] - 39 	 0.010 	 39.3 	 0.0906 	 0.9684 	 0.8289 	 0.7575 	 0.2383 	 0.9267
[2023/05/10 03:26:43] - 40 	 0.010 	 39.9 	 0.0861 	 0.9708 	 1.0646 	 0.6902 	 0.2263 	 0.9290
[2023/05/10 03:27:23] - 41 	 0.001 	 39.5 	 0.0645 	 0.9804 	 0.8843 	 0.7315 	 0.2130 	 0.9305
[2023/05/10 03:28:01] - 42 	 0.001 	 38.5 	 0.0557 	 0.9831 	 0.7133 	 0.7804 	 0.2104 	 0.9305
[2023/05/10 03:28:40] - 43 	 0.001 	 38.6 	 0.0525 	 0.9847 	 0.6979 	 0.7863 	 0.2147 	 0.9313
[2023/05/10 03:29:19] - 44 	 0.001 	 38.8 	 0.0490 	 0.9849 	 0.7539 	 0.7698 	 0.2128 	 0.9317
[2023/05/10 03:29:58] - 45 	 0.001 	 39.2 	 0.0477 	 0.9853 	 0.5153 	 0.7928 	 0.2164 	 0.9312
[2023/05/10 03:30:37] - 46 	 0.001 	 38.6 	 0.0461 	 0.9864 	 0.5313 	 0.8305 	 0.2157 	 0.9333
[2023/05/10 03:31:15] - 47 	 0.001 	 38.8 	 0.0465 	 0.9861 	 0.5276 	 0.8270 	 0.2171 	 0.9326
[2023/05/10 03:31:54] - 48 	 0.001 	 38.5 	 0.0430 	 0.9879 	 0.4680 	 0.8473 	 0.2166 	 0.9334
[2023/05/10 03:32:34] - 49 	 0.001 	 40.0 	 0.0400 	 0.9886 	 0.6520 	 0.8321 	 0.2174 	 0.9330
